Arguments: 
  /usr/bin/node /bin/yarnpkg install --no-progress --production

PATH: 
  /home/daniele/.gem/bin:/home/daniele/.rbenv/libexec:/home/linuxbrew/.linuxbrew/bin:/home/linuxbrew/.linuxbrew/sbin:/home/daniele/.rbenv/shims:/bin:/usr/bin:/usr/local/bin:/usr/local/sbin:/usr/lib/jvm/default/bin:/usr/bin/site_perl:/usr/bin/vendor_perl:/usr/bin/core_perl:/home/daniele/.rvm/bin:/home/daniele/.rbenv/bin:/home/daniele/.gem/ruby/2.5.0/bin

Yarn version: 
  1.9.4

Node version: 
  8.11.4

Platform: 
  linux x64

Trace: 
  Error: https://registry.yarnpkg.com/jquery/-/jquery-3.3.1.tgz: ETIMEDOUT
      at Timeout._onTimeout (/usr/lib/node_modules/yarn/lib/cli.js:138128:19)
      at ontimeout (timers.js:498:11)
      at tryOnTimeout (timers.js:323:5)
      at Timer.listOnTimeout (timers.js:290:5)

npm manifest: 
  {
    "name": "Inline",
    "private": true,
    "dependencies": {
      "jquery": "^3.3.1",
      "jquery-ujs": "^1.2.2"
    }
  }

yarn manifest: 
  No manifest

Lockfile: 
  # THIS IS AN AUTOGENERATED FILE. DO NOT EDIT THIS FILE DIRECTLY.
  # yarn lockfile v1
  
  
  jquery-ujs@^1.2.2:
    version "1.2.2"
    resolved "https://registry.yarnpkg.com/jquery-ujs/-/jquery-ujs-1.2.2.tgz#6a8ef1020e6b6dda385b90a4bddc128c21c56397"
    dependencies:
      jquery ">=1.8.0"
  
  jquery@>=1.8.0, jquery@^3.3.1:
    version "3.3.1"
    resolved "https://registry.yarnpkg.com/jquery/-/jquery-3.3.1.tgz#958ce29e81c9790f31be7792df5d4d95fc57fbca"
