Started GET "/" for 127.0.0.1 at 2018-09-18 11:18:13 +0200
  
ActiveRecord::PendingMigrationError (

Migrations are pending. To resolve this issue, run:

        bin/rails db:migrate RAILS_ENV=development

):
  
activerecord (5.2.0) lib/active_record/migration.rb:579:in `check_pending!'
activerecord (5.2.0) lib/active_record/migration.rb:556:in `call'
actionpack (5.2.0) lib/action_dispatch/middleware/callbacks.rb:28:in `block in call'
activesupport (5.2.0) lib/active_support/callbacks.rb:98:in `run_callbacks'
actionpack (5.2.0) lib/action_dispatch/middleware/callbacks.rb:26:in `call'
actionpack (5.2.0) lib/action_dispatch/middleware/executor.rb:14:in `call'
actionpack (5.2.0) lib/action_dispatch/middleware/debug_exceptions.rb:61:in `call'
web-console (3.6.2) lib/web_console/middleware.rb:135:in `call_app'
web-console (3.6.2) lib/web_console/middleware.rb:30:in `block in call'
web-console (3.6.2) lib/web_console/middleware.rb:20:in `catch'
web-console (3.6.2) lib/web_console/middleware.rb:20:in `call'
actionpack (5.2.0) lib/action_dispatch/middleware/show_exceptions.rb:33:in `call'
railties (5.2.0) lib/rails/rack/logger.rb:38:in `call_app'
railties (5.2.0) lib/rails/rack/logger.rb:26:in `block in call'
activesupport (5.2.0) lib/active_support/tagged_logging.rb:71:in `block in tagged'
activesupport (5.2.0) lib/active_support/tagged_logging.rb:28:in `tagged'
activesupport (5.2.0) lib/active_support/tagged_logging.rb:71:in `tagged'
railties (5.2.0) lib/rails/rack/logger.rb:26:in `call'
sprockets-rails (3.2.1) lib/sprockets/rails/quiet_assets.rb:13:in `call'
actionpack (5.2.0) lib/action_dispatch/middleware/remote_ip.rb:81:in `call'
actionpack (5.2.0) lib/action_dispatch/middleware/request_id.rb:27:in `call'
rack (2.0.5) lib/rack/method_override.rb:22:in `call'
rack (2.0.5) lib/rack/runtime.rb:22:in `call'
activesupport (5.2.0) lib/active_support/cache/strategy/local_cache_middleware.rb:29:in `call'
actionpack (5.2.0) lib/action_dispatch/middleware/executor.rb:14:in `call'
actionpack (5.2.0) lib/action_dispatch/middleware/static.rb:127:in `call'
rack (2.0.5) lib/rack/sendfile.rb:111:in `call'
railties (5.2.0) lib/rails/engine.rb:524:in `call'
puma (3.11.4) lib/puma/configuration.rb:225:in `call'
puma (3.11.4) lib/puma/server.rb:632:in `handle_request'
puma (3.11.4) lib/puma/server.rb:446:in `process_client'
puma (3.11.4) lib/puma/server.rb:306:in `block in run'
puma (3.11.4) lib/puma/thread_pool.rb:120:in `block in spawn_thread'
  [1m[35m (0.0ms)[0m  [1m[34mSELECT sqlite_version(*)[0m
  ↳ /home/daniele/.gem/ruby/2.5.0/gems/rake-12.3.1/lib/rake/task.rb:271
  [1m[35m (101.8ms)[0m  [1m[35mCREATE TABLE "schema_migrations" ("version" varchar NOT NULL PRIMARY KEY)[0m
  ↳ /home/daniele/.gem/ruby/2.5.0/gems/rake-12.3.1/lib/rake/task.rb:271
  [1m[35m (102.7ms)[0m  [1m[35mCREATE TABLE "ar_internal_metadata" ("key" varchar NOT NULL PRIMARY KEY, "value" varchar, "created_at" datetime NOT NULL, "updated_at" datetime NOT NULL)[0m
  ↳ /home/daniele/.gem/ruby/2.5.0/gems/rake-12.3.1/lib/rake/task.rb:271
  [1m[35m (0.4ms)[0m  [1m[34mSELECT "schema_migrations"."version" FROM "schema_migrations" ORDER BY "schema_migrations"."version" ASC[0m
  ↳ /home/daniele/.gem/ruby/2.5.0/gems/rake-12.3.1/lib/rake/task.rb:271
Migrating to CreateRooms (20180521135820)
  [1m[35m (0.2ms)[0m  [1m[36mbegin transaction[0m
  ↳ /home/daniele/.gem/ruby/2.5.0/gems/rake-12.3.1/lib/rake/task.rb:271
  [1m[35m (1.7ms)[0m  [1m[35mCREATE TABLE "rooms" ("id" integer PRIMARY KEY AUTOINCREMENT NOT NULL, "name" varchar, "description" varchar, "fifo" boolean DEFAULT 1, "max_participants" integer, "address" varchar, "latitude" float, "longitude" float, "private" boolean DEFAULT 0, "max_unjoin_time" datetime, "time_from" datetime, "time_to" datetime, "recurrence" text, "event_id" varchar, "user_id" integer, "created_at" datetime NOT NULL, "updated_at" datetime NOT NULL)[0m
  ↳ db/migrate/20180521135820_create_rooms.rb:3
  [1m[35m (0.7ms)[0m  [1m[35mCREATE  INDEX "index_rooms_on_user_id" ON "rooms" ("user_id")[0m
  ↳ db/migrate/20180521135820_create_rooms.rb:3
  [1m[36mActiveRecord::SchemaMigration Create (0.3ms)[0m  [1m[32mINSERT INTO "schema_migrations" ("version") VALUES (?)[0m  [["version", "20180521135820"]]
  ↳ /home/daniele/.gem/ruby/2.5.0/gems/rake-12.3.1/lib/rake/task.rb:271
  [1m[35m (103.4ms)[0m  [1m[36mcommit transaction[0m
  ↳ /home/daniele/.gem/ruby/2.5.0/gems/rake-12.3.1/lib/rake/task.rb:271
Migrating to CreateUsers (20180525080352)
  [1m[35m (0.2ms)[0m  [1m[36mbegin transaction[0m
  ↳ /home/daniele/.gem/ruby/2.5.0/gems/rake-12.3.1/lib/rake/task.rb:271
  [1m[35m (1.3ms)[0m  [1m[35mCREATE TABLE "users" ("id" integer PRIMARY KEY AUTOINCREMENT NOT NULL, "username" varchar, "email" varchar, "password" varchar, "room_host" json, "admin" boolean, "rooms" json, "facebook" json, "google" json, "rating" json, "invitations" json, "rooms_attended" integer DEFAULT 0, "created_at" datetime NOT NULL, "updated_at" datetime NOT NULL)[0m
  ↳ db/migrate/20180525080352_create_users.rb:3
  [1m[36mActiveRecord::SchemaMigration Create (0.7ms)[0m  [1m[32mINSERT INTO "schema_migrations" ("version") VALUES (?)[0m  [["version", "20180525080352"]]
  ↳ /home/daniele/.gem/ruby/2.5.0/gems/rake-12.3.1/lib/rake/task.rb:271
  [1m[35m (104.3ms)[0m  [1m[36mcommit transaction[0m
  ↳ /home/daniele/.gem/ruby/2.5.0/gems/rake-12.3.1/lib/rake/task.rb:271
Migrating to AddPasswordDigestToUsers (20180525100025)
  [1m[35m (0.2ms)[0m  [1m[36mbegin transaction[0m
  ↳ /home/daniele/.gem/ruby/2.5.0/gems/rake-12.3.1/lib/rake/task.rb:271
  [1m[35m (1.4ms)[0m  [1m[35mALTER TABLE "users" ADD "password_digest" varchar[0m
  ↳ db/migrate/20180525100025_add_password_digest_to_users.rb:3
  [1m[36mActiveRecord::SchemaMigration Create (0.7ms)[0m  [1m[32mINSERT INTO "schema_migrations" ("version") VALUES (?)[0m  [["version", "20180525100025"]]
  ↳ /home/daniele/.gem/ruby/2.5.0/gems/rake-12.3.1/lib/rake/task.rb:271
  [1m[35m (77.6ms)[0m  [1m[36mcommit transaction[0m
  ↳ /home/daniele/.gem/ruby/2.5.0/gems/rake-12.3.1/lib/rake/task.rb:271
Migrating to AddIndexToUsersEmail (20180525100419)
  [1m[35m (0.1ms)[0m  [1m[36mbegin transaction[0m
  ↳ /home/daniele/.gem/ruby/2.5.0/gems/rake-12.3.1/lib/rake/task.rb:271
  [1m[35m (0.3ms)[0m  [1m[35mCREATE UNIQUE INDEX "index_users_on_email" ON "users" ("email")[0m
  ↳ db/migrate/20180525100419_add_index_to_users_email.rb:3
  [1m[36mActiveRecord::SchemaMigration Create (0.3ms)[0m  [1m[32mINSERT INTO "schema_migrations" ("version") VALUES (?)[0m  [["version", "20180525100419"]]
  ↳ /home/daniele/.gem/ruby/2.5.0/gems/rake-12.3.1/lib/rake/task.rb:271
  [1m[35m (674.3ms)[0m  [1m[36mcommit transaction[0m
  ↳ /home/daniele/.gem/ruby/2.5.0/gems/rake-12.3.1/lib/rake/task.rb:271
Migrating to CreateReservations (20180528233547)
  [1m[35m (0.2ms)[0m  [1m[36mbegin transaction[0m
  ↳ /home/daniele/.gem/ruby/2.5.0/gems/rake-12.3.1/lib/rake/task.rb:271
  [1m[35m (0.3ms)[0m  [1m[35mCREATE TABLE "reservations" ("id" integer PRIMARY KEY AUTOINCREMENT NOT NULL, "user_id" integer, "room_id" integer, "reminder" boolean DEFAULT 0, "position" integer DEFAULT NULL, "created_at" datetime NOT NULL, "updated_at" datetime NOT NULL, CONSTRAINT "fk_rails_48a92fce51"
FOREIGN KEY ("user_id")
  REFERENCES "users" ("id")
, CONSTRAINT "fk_rails_78d1025283"
FOREIGN KEY ("room_id")
  REFERENCES "rooms" ("id")
)[0m
  ↳ db/migrate/20180528233547_create_reservations.rb:4
  [1m[35m (0.2ms)[0m  [1m[35mCREATE  INDEX "index_reservations_on_user_id" ON "reservations" ("user_id")[0m
  ↳ db/migrate/20180528233547_create_reservations.rb:4
  [1m[35m (0.2ms)[0m  [1m[35mCREATE  INDEX "index_reservations_on_room_id" ON "reservations" ("room_id")[0m
  ↳ db/migrate/20180528233547_create_reservations.rb:4
  [1m[35m (0.2ms)[0m  [1m[35mCREATE UNIQUE INDEX "index_reservations_on_user_id_and_room_id" ON "reservations" ("user_id", "room_id")[0m
  ↳ db/migrate/20180528233547_create_reservations.rb:14
  [1m[36mActiveRecord::SchemaMigration Create (0.2ms)[0m  [1m[32mINSERT INTO "schema_migrations" ("version") VALUES (?)[0m  [["version", "20180528233547"]]
  ↳ /home/daniele/.gem/ruby/2.5.0/gems/rake-12.3.1/lib/rake/task.rb:271
  [1m[35m (755.1ms)[0m  [1m[36mcommit transaction[0m
  ↳ /home/daniele/.gem/ruby/2.5.0/gems/rake-12.3.1/lib/rake/task.rb:271
Migrating to CreatePowers (20180528233631)
  [1m[35m (0.1ms)[0m  [1m[36mbegin transaction[0m
  ↳ /home/daniele/.gem/ruby/2.5.0/gems/rake-12.3.1/lib/rake/task.rb:271
  [1m[35m (0.6ms)[0m  [1m[35mCREATE TABLE "powers" ("id" integer PRIMARY KEY AUTOINCREMENT NOT NULL, "user_id" integer, "room_id" integer, "created_at" datetime NOT NULL, "updated_at" datetime NOT NULL, CONSTRAINT "fk_rails_c88e5c76c3"
FOREIGN KEY ("user_id")
  REFERENCES "users" ("id")
, CONSTRAINT "fk_rails_c47f771459"
FOREIGN KEY ("room_id")
  REFERENCES "rooms" ("id")
)[0m
  ↳ db/migrate/20180528233631_create_powers.rb:3
  [1m[35m (0.1ms)[0m  [1m[35mCREATE  INDEX "index_powers_on_user_id" ON "powers" ("user_id")[0m
  ↳ db/migrate/20180528233631_create_powers.rb:3
  [1m[35m (0.1ms)[0m  [1m[35mCREATE  INDEX "index_powers_on_room_id" ON "powers" ("room_id")[0m
  ↳ db/migrate/20180528233631_create_powers.rb:3
  [1m[35m (0.1ms)[0m  [1m[35mCREATE UNIQUE INDEX "index_powers_on_user_id_and_room_id" ON "powers" ("user_id", "room_id")[0m
  ↳ db/migrate/20180528233631_create_powers.rb:9
  [1m[36mActiveRecord::SchemaMigration Create (0.1ms)[0m  [1m[32mINSERT INTO "schema_migrations" ("version") VALUES (?)[0m  [["version", "20180528233631"]]
  ↳ /home/daniele/.gem/ruby/2.5.0/gems/rake-12.3.1/lib/rake/task.rb:271
  [1m[35m (600.9ms)[0m  [1m[36mcommit transaction[0m
  ↳ /home/daniele/.gem/ruby/2.5.0/gems/rake-12.3.1/lib/rake/task.rb:271
Migrating to RemoveFieldNameFromUsers (20180530193657)
  [1m[35m (0.1ms)[0m  [1m[36mbegin transaction[0m
  ↳ /home/daniele/.gem/ruby/2.5.0/gems/rake-12.3.1/lib/rake/task.rb:271
  [1m[35m (0.2ms)[0m  [1m[35mCREATE TEMPORARY TABLE "ausers" ("id" integer NOT NULL PRIMARY KEY, "username" varchar DEFAULT NULL, "email" varchar DEFAULT NULL, "password" varchar DEFAULT NULL, "room_host" json DEFAULT NULL, "admin" boolean DEFAULT NULL, "rooms" json DEFAULT NULL, "facebook" json DEFAULT NULL, "google" json DEFAULT NULL, "rating" json DEFAULT NULL, "invitations" json DEFAULT NULL, "rooms_attended" integer DEFAULT 0, "created_at" datetime NOT NULL, "updated_at" datetime NOT NULL, "password_digest" varchar DEFAULT NULL)[0m
  ↳ db/migrate/20180530193657_remove_field_name_from_users.rb:3
  [1m[35m (0.2ms)[0m  [1m[35mCREATE UNIQUE INDEX "tindex_ausers_on_email" ON "ausers" ("email")[0m
  ↳ db/migrate/20180530193657_remove_field_name_from_users.rb:3
  [1m[35m (0.1ms)[0m  [1m[32mINSERT INTO "ausers" ("id","username","email","password","room_host","admin","rooms","facebook","google","rating","invitations","rooms_attended","created_at","updated_at","password_digest")
                     SELECT "id","username","email","password","room_host","admin","rooms","facebook","google","rating","invitations","rooms_attended","created_at","updated_at","password_digest" FROM "users"[0m
  ↳ db/migrate/20180530193657_remove_field_name_from_users.rb:3
  [1m[35m (0.3ms)[0m  [1m[35mDROP TABLE "users"[0m
  ↳ db/migrate/20180530193657_remove_field_name_from_users.rb:3
  [1m[35m (0.2ms)[0m  [1m[35mCREATE TABLE "users" ("id" integer NOT NULL PRIMARY KEY, "username" varchar DEFAULT NULL, "email" varchar DEFAULT NULL, "password" varchar DEFAULT NULL, "room_host" json DEFAULT NULL, "rooms" json DEFAULT NULL, "facebook" json DEFAULT NULL, "google" json DEFAULT NULL, "rating" json DEFAULT NULL, "invitations" json DEFAULT NULL, "rooms_attended" integer DEFAULT 0, "created_at" datetime NOT NULL, "updated_at" datetime NOT NULL, "password_digest" varchar DEFAULT NULL)[0m
  ↳ db/migrate/20180530193657_remove_field_name_from_users.rb:3
  [1m[35m (0.1ms)[0m  [1m[35mCREATE UNIQUE INDEX "index_users_on_email" ON "users" ("email")[0m
  ↳ db/migrate/20180530193657_remove_field_name_from_users.rb:3
  [1m[35m (0.1ms)[0m  [1m[32mINSERT INTO "users" ("id","username","email","password","room_host","rooms","facebook","google","rating","invitations","rooms_attended","created_at","updated_at","password_digest")
                     SELECT "id","username","email","password","room_host","rooms","facebook","google","rating","invitations","rooms_attended","created_at","updated_at","password_digest" FROM "ausers"[0m
  ↳ db/migrate/20180530193657_remove_field_name_from_users.rb:3
  [1m[35m (0.1ms)[0m  [1m[35mDROP TABLE "ausers"[0m
  ↳ db/migrate/20180530193657_remove_field_name_from_users.rb:3
  [1m[36mActiveRecord::SchemaMigration Create (0.2ms)[0m  [1m[32mINSERT INTO "schema_migrations" ("version") VALUES (?)[0m  [["version", "20180530193657"]]
  ↳ /home/daniele/.gem/ruby/2.5.0/gems/rake-12.3.1/lib/rake/task.rb:271
  [1m[35m (73.9ms)[0m  [1m[36mcommit transaction[0m
  ↳ /home/daniele/.gem/ruby/2.5.0/gems/rake-12.3.1/lib/rake/task.rb:271
Migrating to RemoveAdminFromUsers (20180530193812)
  [1m[35m (0.2ms)[0m  [1m[36mbegin transaction[0m
  ↳ /home/daniele/.gem/ruby/2.5.0/gems/rake-12.3.1/lib/rake/task.rb:271
  [1m[35m (1.8ms)[0m  [1m[35mCREATE TEMPORARY TABLE "ausers" ("id" integer NOT NULL PRIMARY KEY, "username" varchar DEFAULT NULL, "email" varchar DEFAULT NULL, "password" varchar DEFAULT NULL, "room_host" json DEFAULT NULL, "rooms" json DEFAULT NULL, "facebook" json DEFAULT NULL, "google" json DEFAULT NULL, "rating" json DEFAULT NULL, "invitations" json DEFAULT NULL, "rooms_attended" integer DEFAULT 0, "created_at" datetime NOT NULL, "updated_at" datetime NOT NULL, "password_digest" varchar DEFAULT NULL)[0m
  ↳ db/migrate/20180530193812_remove_admin_from_users.rb:3
  [1m[35m (0.4ms)[0m  [1m[35mCREATE UNIQUE INDEX "tindex_ausers_on_email" ON "ausers" ("email")[0m
  ↳ db/migrate/20180530193812_remove_admin_from_users.rb:3
  [1m[35m (0.3ms)[0m  [1m[32mINSERT INTO "ausers" ("id","username","email","password","room_host","rooms","facebook","google","rating","invitations","rooms_attended","created_at","updated_at","password_digest")
                     SELECT "id","username","email","password","room_host","rooms","facebook","google","rating","invitations","rooms_attended","created_at","updated_at","password_digest" FROM "users"[0m
  ↳ db/migrate/20180530193812_remove_admin_from_users.rb:3
  [1m[35m (0.7ms)[0m  [1m[35mDROP TABLE "users"[0m
  ↳ db/migrate/20180530193812_remove_admin_from_users.rb:3
  [1m[35m (0.4ms)[0m  [1m[35mCREATE TABLE "users" ("id" integer NOT NULL PRIMARY KEY, "username" varchar DEFAULT NULL, "email" varchar DEFAULT NULL, "password" varchar DEFAULT NULL, "room_host" json DEFAULT NULL, "rooms" json DEFAULT NULL, "facebook" json DEFAULT NULL, "google" json DEFAULT NULL, "rating" json DEFAULT NULL, "invitations" json DEFAULT NULL, "rooms_attended" integer DEFAULT 0, "created_at" datetime NOT NULL, "updated_at" datetime NOT NULL, "password_digest" varchar DEFAULT NULL)[0m
  ↳ db/migrate/20180530193812_remove_admin_from_users.rb:3
  [1m[35m (0.2ms)[0m  [1m[35mCREATE UNIQUE INDEX "index_users_on_email" ON "users" ("email")[0m
  ↳ db/migrate/20180530193812_remove_admin_from_users.rb:3
  [1m[35m (0.2ms)[0m  [1m[32mINSERT INTO "users" ("id","username","email","password","room_host","rooms","facebook","google","rating","invitations","rooms_attended","created_at","updated_at","password_digest")
                     SELECT "id","username","email","password","room_host","rooms","facebook","google","rating","invitations","rooms_attended","created_at","updated_at","password_digest" FROM "ausers"[0m
  ↳ db/migrate/20180530193812_remove_admin_from_users.rb:3
  [1m[35m (0.3ms)[0m  [1m[35mDROP TABLE "ausers"[0m
  ↳ db/migrate/20180530193812_remove_admin_from_users.rb:3
  [1m[36mActiveRecord::SchemaMigration Create (0.2ms)[0m  [1m[32mINSERT INTO "schema_migrations" ("version") VALUES (?)[0m  [["version", "20180530193812"]]
  ↳ /home/daniele/.gem/ruby/2.5.0/gems/rake-12.3.1/lib/rake/task.rb:271
  [1m[35m (76.7ms)[0m  [1m[36mcommit transaction[0m
  ↳ /home/daniele/.gem/ruby/2.5.0/gems/rake-12.3.1/lib/rake/task.rb:271
Migrating to RemoveRoomsFromUsers (20180530193904)
  [1m[35m (0.2ms)[0m  [1m[36mbegin transaction[0m
  ↳ /home/daniele/.gem/ruby/2.5.0/gems/rake-12.3.1/lib/rake/task.rb:271
  [1m[35m (1.0ms)[0m  [1m[35mCREATE TEMPORARY TABLE "ausers" ("id" integer NOT NULL PRIMARY KEY, "username" varchar DEFAULT NULL, "email" varchar DEFAULT NULL, "password" varchar DEFAULT NULL, "room_host" json DEFAULT NULL, "rooms" json DEFAULT NULL, "facebook" json DEFAULT NULL, "google" json DEFAULT NULL, "rating" json DEFAULT NULL, "invitations" json DEFAULT NULL, "rooms_attended" integer DEFAULT 0, "created_at" datetime NOT NULL, "updated_at" datetime NOT NULL, "password_digest" varchar DEFAULT NULL)[0m
  ↳ db/migrate/20180530193904_remove_rooms_from_users.rb:3
  [1m[35m (0.5ms)[0m  [1m[35mCREATE UNIQUE INDEX "tindex_ausers_on_email" ON "ausers" ("email")[0m
  ↳ db/migrate/20180530193904_remove_rooms_from_users.rb:3
  [1m[35m (0.3ms)[0m  [1m[32mINSERT INTO "ausers" ("id","username","email","password","room_host","rooms","facebook","google","rating","invitations","rooms_attended","created_at","updated_at","password_digest")
                     SELECT "id","username","email","password","room_host","rooms","facebook","google","rating","invitations","rooms_attended","created_at","updated_at","password_digest" FROM "users"[0m
  ↳ db/migrate/20180530193904_remove_rooms_from_users.rb:3
  [1m[35m (0.9ms)[0m  [1m[35mDROP TABLE "users"[0m
  ↳ db/migrate/20180530193904_remove_rooms_from_users.rb:3
  [1m[35m (0.5ms)[0m  [1m[35mCREATE TABLE "users" ("id" integer NOT NULL PRIMARY KEY, "username" varchar DEFAULT NULL, "email" varchar DEFAULT NULL, "password" varchar DEFAULT NULL, "room_host" json DEFAULT NULL, "facebook" json DEFAULT NULL, "google" json DEFAULT NULL, "rating" json DEFAULT NULL, "invitations" json DEFAULT NULL, "rooms_attended" integer DEFAULT 0, "created_at" datetime NOT NULL, "updated_at" datetime NOT NULL, "password_digest" varchar DEFAULT NULL)[0m
  ↳ db/migrate/20180530193904_remove_rooms_from_users.rb:3
  [1m[35m (0.3ms)[0m  [1m[35mCREATE UNIQUE INDEX "index_users_on_email" ON "users" ("email")[0m
  ↳ db/migrate/20180530193904_remove_rooms_from_users.rb:3
  [1m[35m (0.2ms)[0m  [1m[32mINSERT INTO "users" ("id","username","email","password","room_host","facebook","google","rating","invitations","rooms_attended","created_at","updated_at","password_digest")
                     SELECT "id","username","email","password","room_host","facebook","google","rating","invitations","rooms_attended","created_at","updated_at","password_digest" FROM "ausers"[0m
  ↳ db/migrate/20180530193904_remove_rooms_from_users.rb:3
  [1m[35m (0.2ms)[0m  [1m[35mDROP TABLE "ausers"[0m
  ↳ db/migrate/20180530193904_remove_rooms_from_users.rb:3
  [1m[36mActiveRecord::SchemaMigration Create (0.2ms)[0m  [1m[32mINSERT INTO "schema_migrations" ("version") VALUES (?)[0m  [["version", "20180530193904"]]
  ↳ /home/daniele/.gem/ruby/2.5.0/gems/rake-12.3.1/lib/rake/task.rb:271
  [1m[35m (81.0ms)[0m  [1m[36mcommit transaction[0m
  ↳ /home/daniele/.gem/ruby/2.5.0/gems/rake-12.3.1/lib/rake/task.rb:271
Migrating to RemoveRoomHostFromUsers (20180530193935)
  [1m[35m (0.2ms)[0m  [1m[36mbegin transaction[0m
  ↳ /home/daniele/.gem/ruby/2.5.0/gems/rake-12.3.1/lib/rake/task.rb:271
  [1m[35m (0.8ms)[0m  [1m[35mCREATE TEMPORARY TABLE "ausers" ("id" integer NOT NULL PRIMARY KEY, "username" varchar DEFAULT NULL, "email" varchar DEFAULT NULL, "password" varchar DEFAULT NULL, "room_host" json DEFAULT NULL, "facebook" json DEFAULT NULL, "google" json DEFAULT NULL, "rating" json DEFAULT NULL, "invitations" json DEFAULT NULL, "rooms_attended" integer DEFAULT 0, "created_at" datetime NOT NULL, "updated_at" datetime NOT NULL, "password_digest" varchar DEFAULT NULL)[0m
  ↳ db/migrate/20180530193935_remove_room_host_from_users.rb:3
  [1m[35m (0.7ms)[0m  [1m[35mCREATE UNIQUE INDEX "tindex_ausers_on_email" ON "ausers" ("email")[0m
  ↳ db/migrate/20180530193935_remove_room_host_from_users.rb:3
  [1m[35m (0.4ms)[0m  [1m[32mINSERT INTO "ausers" ("id","username","email","password","room_host","facebook","google","rating","invitations","rooms_attended","created_at","updated_at","password_digest")
                     SELECT "id","username","email","password","room_host","facebook","google","rating","invitations","rooms_attended","created_at","updated_at","password_digest" FROM "users"[0m
  ↳ db/migrate/20180530193935_remove_room_host_from_users.rb:3
  [1m[35m (1.0ms)[0m  [1m[35mDROP TABLE "users"[0m
  ↳ db/migrate/20180530193935_remove_room_host_from_users.rb:3
  [1m[35m (0.8ms)[0m  [1m[35mCREATE TABLE "users" ("id" integer NOT NULL PRIMARY KEY, "username" varchar DEFAULT NULL, "email" varchar DEFAULT NULL, "password" varchar DEFAULT NULL, "facebook" json DEFAULT NULL, "google" json DEFAULT NULL, "rating" json DEFAULT NULL, "invitations" json DEFAULT NULL, "rooms_attended" integer DEFAULT 0, "created_at" datetime NOT NULL, "updated_at" datetime NOT NULL, "password_digest" varchar DEFAULT NULL)[0m
  ↳ db/migrate/20180530193935_remove_room_host_from_users.rb:3
  [1m[35m (0.6ms)[0m  [1m[35mCREATE UNIQUE INDEX "index_users_on_email" ON "users" ("email")[0m
  ↳ db/migrate/20180530193935_remove_room_host_from_users.rb:3
  [1m[35m (0.4ms)[0m  [1m[32mINSERT INTO "users" ("id","username","email","password","facebook","google","rating","invitations","rooms_attended","created_at","updated_at","password_digest")
                     SELECT "id","username","email","password","facebook","google","rating","invitations","rooms_attended","created_at","updated_at","password_digest" FROM "ausers"[0m
  ↳ db/migrate/20180530193935_remove_room_host_from_users.rb:3
  [1m[35m (0.4ms)[0m  [1m[35mDROP TABLE "ausers"[0m
  ↳ db/migrate/20180530193935_remove_room_host_from_users.rb:3
  [1m[36mActiveRecord::SchemaMigration Create (0.6ms)[0m  [1m[32mINSERT INTO "schema_migrations" ("version") VALUES (?)[0m  [["version", "20180530193935"]]
  ↳ /home/daniele/.gem/ruby/2.5.0/gems/rake-12.3.1/lib/rake/task.rb:271
  [1m[35m (75.8ms)[0m  [1m[36mcommit transaction[0m
  ↳ /home/daniele/.gem/ruby/2.5.0/gems/rake-12.3.1/lib/rake/task.rb:271
Migrating to AddAdminToUsers (20180530194749)
  [1m[35m (0.2ms)[0m  [1m[36mbegin transaction[0m
  ↳ /home/daniele/.gem/ruby/2.5.0/gems/rake-12.3.1/lib/rake/task.rb:271
  [1m[35m (1.0ms)[0m  [1m[35mALTER TABLE "users" ADD "admin" boolean DEFAULT 0[0m
  ↳ db/migrate/20180530194749_add_admin_to_users.rb:3
  [1m[36mActiveRecord::SchemaMigration Create (0.4ms)[0m  [1m[32mINSERT INTO "schema_migrations" ("version") VALUES (?)[0m  [["version", "20180530194749"]]
  ↳ /home/daniele/.gem/ruby/2.5.0/gems/rake-12.3.1/lib/rake/task.rb:271
  [1m[35m (81.1ms)[0m  [1m[36mcommit transaction[0m
  ↳ /home/daniele/.gem/ruby/2.5.0/gems/rake-12.3.1/lib/rake/task.rb:271
Migrating to AddResetToUsers (20180603174842)
  [1m[35m (0.2ms)[0m  [1m[36mbegin transaction[0m
  ↳ /home/daniele/.gem/ruby/2.5.0/gems/rake-12.3.1/lib/rake/task.rb:271
  [1m[35m (1.3ms)[0m  [1m[35mALTER TABLE "users" ADD "reset_digest" varchar[0m
  ↳ db/migrate/20180603174842_add_reset_to_users.rb:3
  [1m[35m (0.9ms)[0m  [1m[35mALTER TABLE "users" ADD "reset_sent_at" datetime[0m
  ↳ db/migrate/20180603174842_add_reset_to_users.rb:4
  [1m[36mActiveRecord::SchemaMigration Create (0.6ms)[0m  [1m[32mINSERT INTO "schema_migrations" ("version") VALUES (?)[0m  [["version", "20180603174842"]]
  ↳ /home/daniele/.gem/ruby/2.5.0/gems/rake-12.3.1/lib/rake/task.rb:271
  [1m[35m (80.6ms)[0m  [1m[36mcommit transaction[0m
  ↳ /home/daniele/.gem/ruby/2.5.0/gems/rake-12.3.1/lib/rake/task.rb:271
Migrating to AddRememberDigestToUsers (20180603192349)
  [1m[35m (0.1ms)[0m  [1m[36mbegin transaction[0m
  ↳ /home/daniele/.gem/ruby/2.5.0/gems/rake-12.3.1/lib/rake/task.rb:271
  [1m[35m (0.5ms)[0m  [1m[35mALTER TABLE "users" ADD "remember_digest" varchar[0m
  ↳ db/migrate/20180603192349_add_remember_digest_to_users.rb:3
  [1m[36mActiveRecord::SchemaMigration Create (0.3ms)[0m  [1m[32mINSERT INTO "schema_migrations" ("version") VALUES (?)[0m  [["version", "20180603192349"]]
  ↳ /home/daniele/.gem/ruby/2.5.0/gems/rake-12.3.1/lib/rake/task.rb:271
  [1m[35m (82.5ms)[0m  [1m[36mcommit transaction[0m
  ↳ /home/daniele/.gem/ruby/2.5.0/gems/rake-12.3.1/lib/rake/task.rb:271
Migrating to CreateSwapReservations (20180608180534)
  [1m[35m (0.3ms)[0m  [1m[36mbegin transaction[0m
  ↳ /home/daniele/.gem/ruby/2.5.0/gems/rake-12.3.1/lib/rake/task.rb:271
  [1m[35m (1.1ms)[0m  [1m[35mCREATE TABLE "swap_reservations" ("id" integer PRIMARY KEY AUTOINCREMENT NOT NULL, "active_user_id" integer, "passive_user_id" integer, "active_reservation_id" integer, "passive_reservation_id" integer, "created_at" datetime NOT NULL, "updated_at" datetime NOT NULL)[0m
  ↳ db/migrate/20180608180534_create_swap_reservations.rb:3
  [1m[35m (0.5ms)[0m  [1m[35mCREATE  INDEX "index_swap_reservations_on_active_user_id" ON "swap_reservations" ("active_user_id")[0m
  ↳ db/migrate/20180608180534_create_swap_reservations.rb:3
  [1m[35m (0.5ms)[0m  [1m[35mCREATE  INDEX "index_swap_reservations_on_passive_user_id" ON "swap_reservations" ("passive_user_id")[0m
  ↳ db/migrate/20180608180534_create_swap_reservations.rb:3
  [1m[35m (0.5ms)[0m  [1m[35mCREATE  INDEX "index_swap_reservations_on_active_reservation_id" ON "swap_reservations" ("active_reservation_id")[0m
  ↳ db/migrate/20180608180534_create_swap_reservations.rb:3
  [1m[35m (0.4ms)[0m  [1m[35mCREATE  INDEX "index_swap_reservations_on_passive_reservation_id" ON "swap_reservations" ("passive_reservation_id")[0m
  ↳ db/migrate/20180608180534_create_swap_reservations.rb:3
  [1m[35m (0.5ms)[0m  [1m[35mCREATE UNIQUE INDEX "swap_reservations_id" ON "swap_reservations" ("active_user_id", "passive_user_id", "passive_reservation_id", "active_reservation_id")[0m
  ↳ db/migrate/20180608180534_create_swap_reservations.rb:10
  [1m[36mActiveRecord::SchemaMigration Create (0.4ms)[0m  [1m[32mINSERT INTO "schema_migrations" ("version") VALUES (?)[0m  [["version", "20180608180534"]]
  ↳ /home/daniele/.gem/ruby/2.5.0/gems/rake-12.3.1/lib/rake/task.rb:271
  [1m[35m (130.5ms)[0m  [1m[36mcommit transaction[0m
  ↳ /home/daniele/.gem/ruby/2.5.0/gems/rake-12.3.1/lib/rake/task.rb:271
Migrating to RemovePasswordFromUser (20180614080846)
  [1m[35m (0.3ms)[0m  [1m[36mbegin transaction[0m
  ↳ /home/daniele/.gem/ruby/2.5.0/gems/rake-12.3.1/lib/rake/task.rb:271
  [1m[35m (1.0ms)[0m  [1m[35mCREATE TEMPORARY TABLE "ausers" ("id" integer NOT NULL PRIMARY KEY, "username" varchar DEFAULT NULL, "email" varchar DEFAULT NULL, "password" varchar DEFAULT NULL, "facebook" json DEFAULT NULL, "google" json DEFAULT NULL, "rating" json DEFAULT NULL, "invitations" json DEFAULT NULL, "rooms_attended" integer DEFAULT 0, "created_at" datetime NOT NULL, "updated_at" datetime NOT NULL, "password_digest" varchar DEFAULT NULL, "admin" boolean DEFAULT '0', "reset_digest" varchar DEFAULT NULL, "reset_sent_at" datetime DEFAULT NULL, "remember_digest" varchar DEFAULT NULL)[0m
  ↳ db/migrate/20180614080846_remove_password_from_user.rb:3
  [1m[35m (0.8ms)[0m  [1m[35mCREATE UNIQUE INDEX "tindex_ausers_on_email" ON "ausers" ("email")[0m
  ↳ db/migrate/20180614080846_remove_password_from_user.rb:3
  [1m[35m (0.5ms)[0m  [1m[32mINSERT INTO "ausers" ("id","username","email","password","facebook","google","rating","invitations","rooms_attended","created_at","updated_at","password_digest","admin","reset_digest","reset_sent_at","remember_digest")
                     SELECT "id","username","email","password","facebook","google","rating","invitations","rooms_attended","created_at","updated_at","password_digest","admin","reset_digest","reset_sent_at","remember_digest" FROM "users"[0m
  ↳ db/migrate/20180614080846_remove_password_from_user.rb:3
  [1m[35m (1.4ms)[0m  [1m[35mDROP TABLE "users"[0m
  ↳ db/migrate/20180614080846_remove_password_from_user.rb:3
  [1m[35m (1.0ms)[0m  [1m[35mCREATE TABLE "users" ("id" integer NOT NULL PRIMARY KEY, "username" varchar DEFAULT NULL, "email" varchar DEFAULT NULL, "facebook" json DEFAULT NULL, "google" json DEFAULT NULL, "rating" json DEFAULT NULL, "invitations" json DEFAULT NULL, "rooms_attended" integer DEFAULT 0, "created_at" datetime NOT NULL, "updated_at" datetime NOT NULL, "password_digest" varchar DEFAULT NULL, "admin" boolean DEFAULT '0', "reset_digest" varchar DEFAULT NULL, "reset_sent_at" datetime DEFAULT NULL, "remember_digest" varchar DEFAULT NULL)[0m
  ↳ db/migrate/20180614080846_remove_password_from_user.rb:3
  [1m[35m (0.6ms)[0m  [1m[35mCREATE UNIQUE INDEX "index_users_on_email" ON "users" ("email")[0m
  ↳ db/migrate/20180614080846_remove_password_from_user.rb:3
  [1m[35m (0.5ms)[0m  [1m[32mINSERT INTO "users" ("id","username","email","facebook","google","rating","invitations","rooms_attended","created_at","updated_at","password_digest","admin","reset_digest","reset_sent_at","remember_digest")
                     SELECT "id","username","email","facebook","google","rating","invitations","rooms_attended","created_at","updated_at","password_digest","admin","reset_digest","reset_sent_at","remember_digest" FROM "ausers"[0m
  ↳ db/migrate/20180614080846_remove_password_from_user.rb:3
  [1m[35m (0.3ms)[0m  [1m[35mDROP TABLE "ausers"[0m
  ↳ db/migrate/20180614080846_remove_password_from_user.rb:3
  [1m[36mActiveRecord::SchemaMigration Create (0.4ms)[0m  [1m[32mINSERT INTO "schema_migrations" ("version") VALUES (?)[0m  [["version", "20180614080846"]]
  ↳ /home/daniele/.gem/ruby/2.5.0/gems/rake-12.3.1/lib/rake/task.rb:271
  [1m[35m (92.6ms)[0m  [1m[36mcommit transaction[0m
  ↳ /home/daniele/.gem/ruby/2.5.0/gems/rake-12.3.1/lib/rake/task.rb:271
Migrating to RemoveActivationDigestFromUser (20180623162034)
  [1m[35m (0.2ms)[0m  [1m[36mbegin transaction[0m
  ↳ /home/daniele/.gem/ruby/2.5.0/gems/rake-12.3.1/lib/rake/task.rb:271
  [1m[35m (0.7ms)[0m  [1m[35mCREATE TEMPORARY TABLE "ausers" ("id" integer NOT NULL PRIMARY KEY, "username" varchar DEFAULT NULL, "email" varchar DEFAULT NULL, "facebook" json DEFAULT NULL, "google" json DEFAULT NULL, "rating" json DEFAULT NULL, "invitations" json DEFAULT NULL, "rooms_attended" integer DEFAULT 0, "created_at" datetime NOT NULL, "updated_at" datetime NOT NULL, "password_digest" varchar DEFAULT NULL, "admin" boolean DEFAULT '0', "reset_digest" varchar DEFAULT NULL, "reset_sent_at" datetime DEFAULT NULL, "remember_digest" varchar DEFAULT NULL)[0m
  ↳ db/migrate/20180623162034_remove_activation_digest_from_user.rb:3
  [1m[35m (0.6ms)[0m  [1m[35mCREATE UNIQUE INDEX "tindex_ausers_on_email" ON "ausers" ("email")[0m
  ↳ db/migrate/20180623162034_remove_activation_digest_from_user.rb:3
  [1m[35m (0.4ms)[0m  [1m[32mINSERT INTO "ausers" ("id","username","email","facebook","google","rating","invitations","rooms_attended","created_at","updated_at","password_digest","admin","reset_digest","reset_sent_at","remember_digest")
                     SELECT "id","username","email","facebook","google","rating","invitations","rooms_attended","created_at","updated_at","password_digest","admin","reset_digest","reset_sent_at","remember_digest" FROM "users"[0m
  ↳ db/migrate/20180623162034_remove_activation_digest_from_user.rb:3
  [1m[35m (1.0ms)[0m  [1m[35mDROP TABLE "users"[0m
  ↳ db/migrate/20180623162034_remove_activation_digest_from_user.rb:3
  [1m[35m (0.7ms)[0m  [1m[35mCREATE TABLE "users" ("id" integer NOT NULL PRIMARY KEY, "username" varchar DEFAULT NULL, "email" varchar DEFAULT NULL, "facebook" json DEFAULT NULL, "google" json DEFAULT NULL, "rating" json DEFAULT NULL, "invitations" json DEFAULT NULL, "rooms_attended" integer DEFAULT 0, "created_at" datetime NOT NULL, "updated_at" datetime NOT NULL, "password_digest" varchar DEFAULT NULL, "admin" boolean DEFAULT '0', "reset_digest" varchar DEFAULT NULL, "reset_sent_at" datetime DEFAULT NULL, "remember_digest" varchar DEFAULT NULL)[0m
  ↳ db/migrate/20180623162034_remove_activation_digest_from_user.rb:3
  [1m[35m (0.4ms)[0m  [1m[35mCREATE UNIQUE INDEX "index_users_on_email" ON "users" ("email")[0m
  ↳ db/migrate/20180623162034_remove_activation_digest_from_user.rb:3
  [1m[35m (0.3ms)[0m  [1m[32mINSERT INTO "users" ("id","username","email","facebook","google","rating","invitations","rooms_attended","created_at","updated_at","password_digest","admin","reset_digest","reset_sent_at","remember_digest")
                     SELECT "id","username","email","facebook","google","rating","invitations","rooms_attended","created_at","updated_at","password_digest","admin","reset_digest","reset_sent_at","remember_digest" FROM "ausers"[0m
  ↳ db/migrate/20180623162034_remove_activation_digest_from_user.rb:3
  [1m[35m (0.8ms)[0m  [1m[35mDROP TABLE "ausers"[0m
  ↳ db/migrate/20180623162034_remove_activation_digest_from_user.rb:3
  [1m[36mActiveRecord::SchemaMigration Create (0.4ms)[0m  [1m[32mINSERT INTO "schema_migrations" ("version") VALUES (?)[0m  [["version", "20180623162034"]]
  ↳ /home/daniele/.gem/ruby/2.5.0/gems/rake-12.3.1/lib/rake/task.rb:271
  [1m[35m (93.2ms)[0m  [1m[36mcommit transaction[0m
  ↳ /home/daniele/.gem/ruby/2.5.0/gems/rake-12.3.1/lib/rake/task.rb:271
Migrating to RemoveActivatedFromUser (20180623162122)
  [1m[35m (0.2ms)[0m  [1m[36mbegin transaction[0m
  ↳ /home/daniele/.gem/ruby/2.5.0/gems/rake-12.3.1/lib/rake/task.rb:271
  [1m[35m (0.9ms)[0m  [1m[35mCREATE TEMPORARY TABLE "ausers" ("id" integer NOT NULL PRIMARY KEY, "username" varchar DEFAULT NULL, "email" varchar DEFAULT NULL, "facebook" json DEFAULT NULL, "google" json DEFAULT NULL, "rating" json DEFAULT NULL, "invitations" json DEFAULT NULL, "rooms_attended" integer DEFAULT 0, "created_at" datetime NOT NULL, "updated_at" datetime NOT NULL, "password_digest" varchar DEFAULT NULL, "admin" boolean DEFAULT '0', "reset_digest" varchar DEFAULT NULL, "reset_sent_at" datetime DEFAULT NULL, "remember_digest" varchar DEFAULT NULL)[0m
  ↳ db/migrate/20180623162122_remove_activated_from_user.rb:3
  [1m[35m (0.7ms)[0m  [1m[35mCREATE UNIQUE INDEX "tindex_ausers_on_email" ON "ausers" ("email")[0m
  ↳ db/migrate/20180623162122_remove_activated_from_user.rb:3
  [1m[35m (0.4ms)[0m  [1m[32mINSERT INTO "ausers" ("id","username","email","facebook","google","rating","invitations","rooms_attended","created_at","updated_at","password_digest","admin","reset_digest","reset_sent_at","remember_digest")
                     SELECT "id","username","email","facebook","google","rating","invitations","rooms_attended","created_at","updated_at","password_digest","admin","reset_digest","reset_sent_at","remember_digest" FROM "users"[0m
  ↳ db/migrate/20180623162122_remove_activated_from_user.rb:3
  [1m[35m (1.1ms)[0m  [1m[35mDROP TABLE "users"[0m
  ↳ db/migrate/20180623162122_remove_activated_from_user.rb:3
  [1m[35m (1.0ms)[0m  [1m[35mCREATE TABLE "users" ("id" integer NOT NULL PRIMARY KEY, "username" varchar DEFAULT NULL, "email" varchar DEFAULT NULL, "facebook" json DEFAULT NULL, "google" json DEFAULT NULL, "rating" json DEFAULT NULL, "invitations" json DEFAULT NULL, "rooms_attended" integer DEFAULT 0, "created_at" datetime NOT NULL, "updated_at" datetime NOT NULL, "password_digest" varchar DEFAULT NULL, "admin" boolean DEFAULT '0', "reset_digest" varchar DEFAULT NULL, "reset_sent_at" datetime DEFAULT NULL, "remember_digest" varchar DEFAULT NULL)[0m
  ↳ db/migrate/20180623162122_remove_activated_from_user.rb:3
  [1m[35m (0.6ms)[0m  [1m[35mCREATE UNIQUE INDEX "index_users_on_email" ON "users" ("email")[0m
  ↳ db/migrate/20180623162122_remove_activated_from_user.rb:3
  [1m[35m (0.5ms)[0m  [1m[32mINSERT INTO "users" ("id","username","email","facebook","google","rating","invitations","rooms_attended","created_at","updated_at","password_digest","admin","reset_digest","reset_sent_at","remember_digest")
                     SELECT "id","username","email","facebook","google","rating","invitations","rooms_attended","created_at","updated_at","password_digest","admin","reset_digest","reset_sent_at","remember_digest" FROM "ausers"[0m
  ↳ db/migrate/20180623162122_remove_activated_from_user.rb:3
  [1m[35m (0.5ms)[0m  [1m[35mDROP TABLE "ausers"[0m
  ↳ db/migrate/20180623162122_remove_activated_from_user.rb:3
  [1m[36mActiveRecord::SchemaMigration Create (0.6ms)[0m  [1m[32mINSERT INTO "schema_migrations" ("version") VALUES (?)[0m  [["version", "20180623162122"]]
  ↳ /home/daniele/.gem/ruby/2.5.0/gems/rake-12.3.1/lib/rake/task.rb:271
  [1m[35m (93.7ms)[0m  [1m[36mcommit transaction[0m
  ↳ /home/daniele/.gem/ruby/2.5.0/gems/rake-12.3.1/lib/rake/task.rb:271
Migrating to RemoveActivatedAtFromUser (20180623162155)
  [1m[35m (0.3ms)[0m  [1m[36mbegin transaction[0m
  ↳ /home/daniele/.gem/ruby/2.5.0/gems/rake-12.3.1/lib/rake/task.rb:271
  [1m[35m (0.7ms)[0m  [1m[35mCREATE TEMPORARY TABLE "ausers" ("id" integer NOT NULL PRIMARY KEY, "username" varchar DEFAULT NULL, "email" varchar DEFAULT NULL, "facebook" json DEFAULT NULL, "google" json DEFAULT NULL, "rating" json DEFAULT NULL, "invitations" json DEFAULT NULL, "rooms_attended" integer DEFAULT 0, "created_at" datetime NOT NULL, "updated_at" datetime NOT NULL, "password_digest" varchar DEFAULT NULL, "admin" boolean DEFAULT '0', "reset_digest" varchar DEFAULT NULL, "reset_sent_at" datetime DEFAULT NULL, "remember_digest" varchar DEFAULT NULL)[0m
  ↳ db/migrate/20180623162155_remove_activated_at_from_user.rb:3
  [1m[35m (0.5ms)[0m  [1m[35mCREATE UNIQUE INDEX "tindex_ausers_on_email" ON "ausers" ("email")[0m
  ↳ db/migrate/20180623162155_remove_activated_at_from_user.rb:3
  [1m[35m (0.3ms)[0m  [1m[32mINSERT INTO "ausers" ("id","username","email","facebook","google","rating","invitations","rooms_attended","created_at","updated_at","password_digest","admin","reset_digest","reset_sent_at","remember_digest")
                     SELECT "id","username","email","facebook","google","rating","invitations","rooms_attended","created_at","updated_at","password_digest","admin","reset_digest","reset_sent_at","remember_digest" FROM "users"[0m
  ↳ db/migrate/20180623162155_remove_activated_at_from_user.rb:3
  [1m[35m (1.1ms)[0m  [1m[35mDROP TABLE "users"[0m
  ↳ db/migrate/20180623162155_remove_activated_at_from_user.rb:3
  [1m[35m (0.9ms)[0m  [1m[35mCREATE TABLE "users" ("id" integer NOT NULL PRIMARY KEY, "username" varchar DEFAULT NULL, "email" varchar DEFAULT NULL, "facebook" json DEFAULT NULL, "google" json DEFAULT NULL, "rating" json DEFAULT NULL, "invitations" json DEFAULT NULL, "rooms_attended" integer DEFAULT 0, "created_at" datetime NOT NULL, "updated_at" datetime NOT NULL, "password_digest" varchar DEFAULT NULL, "admin" boolean DEFAULT '0', "reset_digest" varchar DEFAULT NULL, "reset_sent_at" datetime DEFAULT NULL, "remember_digest" varchar DEFAULT NULL)[0m
  ↳ db/migrate/20180623162155_remove_activated_at_from_user.rb:3
  [1m[35m (0.6ms)[0m  [1m[35mCREATE UNIQUE INDEX "index_users_on_email" ON "users" ("email")[0m
  ↳ db/migrate/20180623162155_remove_activated_at_from_user.rb:3
  [1m[35m (0.5ms)[0m  [1m[32mINSERT INTO "users" ("id","username","email","facebook","google","rating","invitations","rooms_attended","created_at","updated_at","password_digest","admin","reset_digest","reset_sent_at","remember_digest")
                     SELECT "id","username","email","facebook","google","rating","invitations","rooms_attended","created_at","updated_at","password_digest","admin","reset_digest","reset_sent_at","remember_digest" FROM "ausers"[0m
  ↳ db/migrate/20180623162155_remove_activated_at_from_user.rb:3
  [1m[35m (0.5ms)[0m  [1m[35mDROP TABLE "ausers"[0m
  ↳ db/migrate/20180623162155_remove_activated_at_from_user.rb:3
  [1m[36mActiveRecord::SchemaMigration Create (0.6ms)[0m  [1m[32mINSERT INTO "schema_migrations" ("version") VALUES (?)[0m  [["version", "20180623162155"]]
  ↳ /home/daniele/.gem/ruby/2.5.0/gems/rake-12.3.1/lib/rake/task.rb:271
  [1m[35m (87.9ms)[0m  [1m[36mcommit transaction[0m
  ↳ /home/daniele/.gem/ruby/2.5.0/gems/rake-12.3.1/lib/rake/task.rb:271
Migrating to AddAttachmentAvatarToRooms (20180625230738)
  [1m[35m (0.3ms)[0m  [1m[36mbegin transaction[0m
  ↳ /home/daniele/.gem/ruby/2.5.0/gems/rake-12.3.1/lib/rake/task.rb:271
  [1m[35m (1.3ms)[0m  [1m[35mALTER TABLE "rooms" ADD "avatar_file_name" varchar[0m
  ↳ db/migrate/20180625230738_add_attachment_avatar_to_rooms.rb:4
  [1m[35m (0.9ms)[0m  [1m[35mALTER TABLE "rooms" ADD "avatar_content_type" varchar[0m
  ↳ db/migrate/20180625230738_add_attachment_avatar_to_rooms.rb:4
  [1m[35m (1.0ms)[0m  [1m[35mALTER TABLE "rooms" ADD "avatar_file_size" integer[0m
  ↳ db/migrate/20180625230738_add_attachment_avatar_to_rooms.rb:4
  [1m[35m (0.8ms)[0m  [1m[35mALTER TABLE "rooms" ADD "avatar_updated_at" datetime[0m
  ↳ db/migrate/20180625230738_add_attachment_avatar_to_rooms.rb:4
  [1m[36mActiveRecord::SchemaMigration Create (0.5ms)[0m  [1m[32mINSERT INTO "schema_migrations" ("version") VALUES (?)[0m  [["version", "20180625230738"]]
  ↳ /home/daniele/.gem/ruby/2.5.0/gems/rake-12.3.1/lib/rake/task.rb:271
  [1m[35m (94.5ms)[0m  [1m[36mcommit transaction[0m
  ↳ /home/daniele/.gem/ruby/2.5.0/gems/rake-12.3.1/lib/rake/task.rb:271
Migrating to AddHashIdToRooms (20180702234121)
  [1m[35m (0.1ms)[0m  [1m[36mbegin transaction[0m
  ↳ /home/daniele/.gem/ruby/2.5.0/gems/rake-12.3.1/lib/rake/task.rb:271
  [1m[35m (1.0ms)[0m  [1m[35mALTER TABLE "rooms" ADD "hash_id" varchar[0m
  ↳ db/migrate/20180702234121_add_hash_id_to_rooms.rb:3
  [1m[36mRoom Load (0.3ms)[0m  [1m[34mSELECT "rooms".* FROM "rooms"[0m
  ↳ db/migrate/20180702234121_add_hash_id_to_rooms.rb:4
  [1m[36mActiveRecord::SchemaMigration Create (0.4ms)[0m  [1m[32mINSERT INTO "schema_migrations" ("version") VALUES (?)[0m  [["version", "20180702234121"]]
  ↳ /home/daniele/.gem/ruby/2.5.0/gems/rake-12.3.1/lib/rake/task.rb:271
  [1m[35m (86.4ms)[0m  [1m[36mcommit transaction[0m
  ↳ /home/daniele/.gem/ruby/2.5.0/gems/rake-12.3.1/lib/rake/task.rb:271
Migrating to CreateMailboxer (20180705145627)
  [1m[35m (0.2ms)[0m  [1m[36mbegin transaction[0m
  ↳ /home/daniele/.gem/ruby/2.5.0/gems/rake-12.3.1/lib/rake/task.rb:271
  [1m[35m (1.2ms)[0m  [1m[35mCREATE TABLE "mailboxer_conversations" ("id" integer PRIMARY KEY AUTOINCREMENT NOT NULL, "subject" varchar DEFAULT '', "created_at" datetime NOT NULL, "updated_at" datetime NOT NULL)[0m
  ↳ db/migrate/20180705145627_create_mailboxer.mailboxer_engine.rb:6
  [1m[35m (0.8ms)[0m  [1m[35mCREATE TABLE "mailboxer_receipts" ("id" integer PRIMARY KEY AUTOINCREMENT NOT NULL, "receiver_type" varchar, "receiver_id" integer, "notification_id" integer NOT NULL, "is_read" boolean DEFAULT 0, "trashed" boolean DEFAULT 0, "deleted" boolean DEFAULT 0, "mailbox_type" varchar(25), "created_at" datetime NOT NULL, "updated_at" datetime NOT NULL)[0m
  ↳ db/migrate/20180705145627_create_mailboxer.mailboxer_engine.rb:12
  [1m[35m (0.8ms)[0m  [1m[35mCREATE TABLE "mailboxer_notifications" ("id" integer PRIMARY KEY AUTOINCREMENT NOT NULL, "type" varchar, "body" text, "subject" varchar DEFAULT '', "sender_type" varchar, "sender_id" integer, "conversation_id" integer, "draft" boolean DEFAULT 0, "notification_code" varchar DEFAULT NULL, "notified_object_type" varchar, "notified_object_id" integer, "attachment" varchar, "updated_at" datetime NOT NULL, "created_at" datetime NOT NULL, "global" boolean DEFAULT 0, "expires" datetime)[0m
  ↳ db/migrate/20180705145627_create_mailboxer.mailboxer_engine.rb:23
  [1m[35m (0.6ms)[0m  [1m[35mCREATE  INDEX "mailboxer_notifications_notified_object" ON "mailboxer_notifications" ("notified_object_type", "notified_object_id")[0m
  ↳ db/migrate/20180705145627_create_mailboxer.mailboxer_engine.rb:23
  [1m[35m (0.6ms)[0m  [1m[35mCREATE  INDEX "index_mailboxer_receipts_on_notification_id" ON "mailboxer_receipts" ("notification_id")[0m
  ↳ db/migrate/20180705145627_create_mailboxer.mailboxer_engine.rb:42
  [1m[35m (0.6ms)[0m  [1m[35mCREATE  INDEX "index_mailboxer_notifications_on_conversation_id" ON "mailboxer_notifications" ("conversation_id")[0m
  ↳ db/migrate/20180705145627_create_mailboxer.mailboxer_engine.rb:45
  [1m[36mActiveRecord::SchemaMigration Create (0.6ms)[0m  [1m[32mINSERT INTO "schema_migrations" ("version") VALUES (?)[0m  [["version", "20180705145627"]]
  ↳ /home/daniele/.gem/ruby/2.5.0/gems/rake-12.3.1/lib/rake/task.rb:271
  [1m[35m (134.3ms)[0m  [1m[36mcommit transaction[0m
  ↳ /home/daniele/.gem/ruby/2.5.0/gems/rake-12.3.1/lib/rake/task.rb:271
Migrating to AddConversationOptout (20180705145628)
  [1m[35m (0.3ms)[0m  [1m[36mbegin transaction[0m
  ↳ /home/daniele/.gem/ruby/2.5.0/gems/rake-12.3.1/lib/rake/task.rb:271
  [1m[35m (1.6ms)[0m  [1m[35mCREATE TABLE "mailboxer_conversation_opt_outs" ("id" integer PRIMARY KEY AUTOINCREMENT NOT NULL, "unsubscriber_type" varchar, "unsubscriber_id" integer, "conversation_id" integer)[0m
  ↳ db/migrate/20180705145628_add_conversation_optout.mailboxer_engine.rb:4
  [1m[36mActiveRecord::SchemaMigration Create (0.7ms)[0m  [1m[32mINSERT INTO "schema_migrations" ("version") VALUES (?)[0m  [["version", "20180705145628"]]
  ↳ /home/daniele/.gem/ruby/2.5.0/gems/rake-12.3.1/lib/rake/task.rb:271
  [1m[35m (442.0ms)[0m  [1m[36mcommit transaction[0m
  ↳ /home/daniele/.gem/ruby/2.5.0/gems/rake-12.3.1/lib/rake/task.rb:271
Migrating to AddMissingIndices (20180705145629)
  [1m[35m (0.3ms)[0m  [1m[36mbegin transaction[0m
  ↳ /home/daniele/.gem/ruby/2.5.0/gems/rake-12.3.1/lib/rake/task.rb:271
  [1m[35m (1.0ms)[0m  [1m[35mCREATE  INDEX "index_mailboxer_conversation_opt_outs_on_unsubscriber_id_type" ON "mailboxer_conversation_opt_outs" ("unsubscriber_id", "unsubscriber_type")[0m
  ↳ db/migrate/20180705145629_add_missing_indices.mailboxer_engine.rb:6
  [1m[35m (0.5ms)[0m  [1m[35mCREATE  INDEX "index_mailboxer_conversation_opt_outs_on_conversation_id" ON "mailboxer_conversation_opt_outs" ("conversation_id")[0m
  ↳ db/migrate/20180705145629_add_missing_indices.mailboxer_engine.rb:8
  [1m[35m (0.9ms)[0m  [1m[35mCREATE  INDEX "index_mailboxer_notifications_on_type" ON "mailboxer_notifications" ("type")[0m
  ↳ db/migrate/20180705145629_add_missing_indices.mailboxer_engine.rb:10
  [1m[35m (0.6ms)[0m  [1m[35mCREATE  INDEX "index_mailboxer_notifications_on_sender_id_and_sender_type" ON "mailboxer_notifications" ("sender_id", "sender_type")[0m
  ↳ db/migrate/20180705145629_add_missing_indices.mailboxer_engine.rb:11
  [1m[35m (0.5ms)[0m  [1m[35mCREATE  INDEX "index_mailboxer_notifications_on_notified_object_id_and_type" ON "mailboxer_notifications" ("notified_object_id", "notified_object_type")[0m
  ↳ db/migrate/20180705145629_add_missing_indices.mailboxer_engine.rb:15
  [1m[35m (0.7ms)[0m  [1m[35mCREATE  INDEX "index_mailboxer_receipts_on_receiver_id_and_receiver_type" ON "mailboxer_receipts" ("receiver_id", "receiver_type")[0m
  ↳ db/migrate/20180705145629_add_missing_indices.mailboxer_engine.rb:18
  [1m[36mActiveRecord::SchemaMigration Create (0.7ms)[0m  [1m[32mINSERT INTO "schema_migrations" ("version") VALUES (?)[0m  [["version", "20180705145629"]]
  ↳ /home/daniele/.gem/ruby/2.5.0/gems/rake-12.3.1/lib/rake/task.rb:271
  [1m[35m (131.3ms)[0m  [1m[36mcommit transaction[0m
  ↳ /home/daniele/.gem/ruby/2.5.0/gems/rake-12.3.1/lib/rake/task.rb:271
Migrating to AddDeliveryTrackingInfoToMailboxerReceipts (20180705145630)
  [1m[35m (0.2ms)[0m  [1m[36mbegin transaction[0m
  ↳ /home/daniele/.gem/ruby/2.5.0/gems/rake-12.3.1/lib/rake/task.rb:271
  [1m[35m (1.4ms)[0m  [1m[35mALTER TABLE "mailboxer_receipts" ADD "is_delivered" boolean DEFAULT 0[0m
  ↳ db/migrate/20180705145630_add_delivery_tracking_info_to_mailboxer_receipts.mailboxer_engine.rb:4
  [1m[35m (1.1ms)[0m  [1m[35mALTER TABLE "mailboxer_receipts" ADD "delivery_method" varchar[0m
  ↳ db/migrate/20180705145630_add_delivery_tracking_info_to_mailboxer_receipts.mailboxer_engine.rb:5
  [1m[35m (1.1ms)[0m  [1m[35mALTER TABLE "mailboxer_receipts" ADD "message_id" varchar[0m
  ↳ db/migrate/20180705145630_add_delivery_tracking_info_to_mailboxer_receipts.mailboxer_engine.rb:6
  [1m[36mActiveRecord::SchemaMigration Create (0.7ms)[0m  [1m[32mINSERT INTO "schema_migrations" ("version") VALUES (?)[0m  [["version", "20180705145630"]]
  ↳ /home/daniele/.gem/ruby/2.5.0/gems/rake-12.3.1/lib/rake/task.rb:271
  [1m[35m (92.4ms)[0m  [1m[36mcommit transaction[0m
  ↳ /home/daniele/.gem/ruby/2.5.0/gems/rake-12.3.1/lib/rake/task.rb:271
Migrating to DeviseInvitableAddToUsers (20180816145437)
  [1m[35m (0.1ms)[0m  [1m[36mbegin transaction[0m
  ↳ /home/daniele/.gem/ruby/2.5.0/gems/rake-12.3.1/lib/rake/task.rb:271
  [1m[35m (0.6ms)[0m  [1m[35mALTER TABLE "users" ADD "invitation_token" varchar[0m
  ↳ db/migrate/20180816145437_devise_invitable_add_to_users.rb:4
  [1m[35m (0.5ms)[0m  [1m[35mALTER TABLE "users" ADD "invitation_created_at" datetime[0m
  ↳ db/migrate/20180816145437_devise_invitable_add_to_users.rb:5
  [1m[35m (0.5ms)[0m  [1m[35mALTER TABLE "users" ADD "invitation_sent_at" datetime[0m
  ↳ db/migrate/20180816145437_devise_invitable_add_to_users.rb:6
  [1m[35m (0.4ms)[0m  [1m[35mALTER TABLE "users" ADD "invitation_accepted_at" datetime[0m
  ↳ db/migrate/20180816145437_devise_invitable_add_to_users.rb:7
  [1m[35m (0.6ms)[0m  [1m[35mALTER TABLE "users" ADD "invitation_limit" integer[0m
  ↳ db/migrate/20180816145437_devise_invitable_add_to_users.rb:8
  [1m[35m (0.4ms)[0m  [1m[35mALTER TABLE "users" ADD "invited_by_type" varchar[0m
  ↳ db/migrate/20180816145437_devise_invitable_add_to_users.rb:9
  [1m[35m (0.5ms)[0m  [1m[35mALTER TABLE "users" ADD "invited_by_id" integer[0m
  ↳ db/migrate/20180816145437_devise_invitable_add_to_users.rb:9
  [1m[35m (0.3ms)[0m  [1m[35mCREATE  INDEX "index_users_on_invited_by_type_and_invited_by_id" ON "users" ("invited_by_type", "invited_by_id")[0m
  ↳ db/migrate/20180816145437_devise_invitable_add_to_users.rb:9
  [1m[35m (0.8ms)[0m  [1m[35mALTER TABLE "users" ADD "invitations_count" integer DEFAULT 0[0m
  ↳ db/migrate/20180816145437_devise_invitable_add_to_users.rb:10
  [1m[35m (0.2ms)[0m  [1m[35mCREATE  INDEX "index_users_on_invitations_count" ON "users" ("invitations_count")[0m
  ↳ db/migrate/20180816145437_devise_invitable_add_to_users.rb:11
  [1m[35m (0.2ms)[0m  [1m[35mCREATE UNIQUE INDEX "index_users_on_invitation_token" ON "users" ("invitation_token")[0m
  ↳ db/migrate/20180816145437_devise_invitable_add_to_users.rb:12
  [1m[35m (0.2ms)[0m  [1m[35mCREATE  INDEX "index_users_on_invited_by_id" ON "users" ("invited_by_id")[0m
  ↳ db/migrate/20180816145437_devise_invitable_add_to_users.rb:13
  [1m[36mActiveRecord::SchemaMigration Create (0.3ms)[0m  [1m[32mINSERT INTO "schema_migrations" ("version") VALUES (?)[0m  [["version", "20180816145437"]]
  ↳ /home/daniele/.gem/ruby/2.5.0/gems/rake-12.3.1/lib/rake/task.rb:271
  [1m[35m (139.4ms)[0m  [1m[36mcommit transaction[0m
  ↳ /home/daniele/.gem/ruby/2.5.0/gems/rake-12.3.1/lib/rake/task.rb:271
Migrating to CreateRatingCaches (20180818152310)
  [1m[35m (0.3ms)[0m  [1m[36mbegin transaction[0m
  ↳ /home/daniele/.gem/ruby/2.5.0/gems/rake-12.3.1/lib/rake/task.rb:271
  [1m[35m (1.4ms)[0m  [1m[35mCREATE TABLE "rating_caches" ("id" integer PRIMARY KEY AUTOINCREMENT NOT NULL, "cacheable_type" varchar, "cacheable_id" integer, "avg" float NOT NULL, "qty" integer NOT NULL, "dimension" varchar, "created_at" datetime NOT NULL, "updated_at" datetime NOT NULL)[0m
  ↳ db/migrate/20180818152310_create_rating_caches.rb:4
  [1m[35m (0.7ms)[0m  [1m[35mCREATE  INDEX "index_rating_caches_on_cacheable_type_and_cacheable_id" ON "rating_caches" ("cacheable_type", "cacheable_id")[0m
  ↳ db/migrate/20180818152310_create_rating_caches.rb:4
  [1m[35m (0.5ms)[0m  [1m[35mCREATE  INDEX "index_rating_caches_on_cacheable_id_and_cacheable_type" ON "rating_caches" ("cacheable_id", "cacheable_type")[0m
  ↳ db/migrate/20180818152310_create_rating_caches.rb:12
  [1m[36mActiveRecord::SchemaMigration Create (0.6ms)[0m  [1m[32mINSERT INTO "schema_migrations" ("version") VALUES (?)[0m  [["version", "20180818152310"]]
  ↳ /home/daniele/.gem/ruby/2.5.0/gems/rake-12.3.1/lib/rake/task.rb:271
  [1m[35m (157.9ms)[0m  [1m[36mcommit transaction[0m
  ↳ /home/daniele/.gem/ruby/2.5.0/gems/rake-12.3.1/lib/rake/task.rb:271
Migrating to CreateRates (20180818152311)
  [1m[35m (0.3ms)[0m  [1m[36mbegin transaction[0m
  ↳ /home/daniele/.gem/ruby/2.5.0/gems/rake-12.3.1/lib/rake/task.rb:271
  [1m[36mActiveRecord::SchemaMigration Create (1.1ms)[0m  [1m[32mINSERT INTO "schema_migrations" ("version") VALUES (?)[0m  [["version", "20180818152311"]]
  ↳ /home/daniele/.gem/ruby/2.5.0/gems/rake-12.3.1/lib/rake/task.rb:271
  [1m[35m (96.3ms)[0m  [1m[36mcommit transaction[0m
  ↳ /home/daniele/.gem/ruby/2.5.0/gems/rake-12.3.1/lib/rake/task.rb:271
Migrating to CreateAverageCaches (20180818152312)
  [1m[35m (0.3ms)[0m  [1m[36mbegin transaction[0m
  ↳ /home/daniele/.gem/ruby/2.5.0/gems/rake-12.3.1/lib/rake/task.rb:271
  [1m[35m (1.4ms)[0m  [1m[35mCREATE TABLE "average_caches" ("id" integer PRIMARY KEY AUTOINCREMENT NOT NULL, "rater_id" integer, "rateable_type" varchar, "rateable_id" integer, "avg" float NOT NULL, "created_at" datetime NOT NULL, "updated_at" datetime NOT NULL)[0m
  ↳ db/migrate/20180818152312_create_average_caches.rb:4
  [1m[35m (0.8ms)[0m  [1m[35mCREATE  INDEX "index_average_caches_on_rater_id" ON "average_caches" ("rater_id")[0m
  ↳ db/migrate/20180818152312_create_average_caches.rb:4
  [1m[35m (0.5ms)[0m  [1m[35mCREATE  INDEX "index_average_caches_on_rateable_type_and_rateable_id" ON "average_caches" ("rateable_type", "rateable_id")[0m
  ↳ db/migrate/20180818152312_create_average_caches.rb:4
  [1m[36mActiveRecord::SchemaMigration Create (0.6ms)[0m  [1m[32mINSERT INTO "schema_migrations" ("version") VALUES (?)[0m  [["version", "20180818152312"]]
  ↳ /home/daniele/.gem/ruby/2.5.0/gems/rake-12.3.1/lib/rake/task.rb:271
  [1m[35m (144.8ms)[0m  [1m[36mcommit transaction[0m
  ↳ /home/daniele/.gem/ruby/2.5.0/gems/rake-12.3.1/lib/rake/task.rb:271
Migrating to CreateOverallAverages (20180818152313)
  [1m[35m (0.2ms)[0m  [1m[36mbegin transaction[0m
  ↳ /home/daniele/.gem/ruby/2.5.0/gems/rake-12.3.1/lib/rake/task.rb:271
  [1m[35m (1.5ms)[0m  [1m[35mCREATE TABLE "overall_averages" ("id" integer PRIMARY KEY AUTOINCREMENT NOT NULL, "rateable_type" varchar, "rateable_id" integer, "overall_avg" float NOT NULL, "created_at" datetime NOT NULL, "updated_at" datetime NOT NULL)[0m
  ↳ db/migrate/20180818152313_create_overall_averages.rb:4
  [1m[35m (0.8ms)[0m  [1m[35mCREATE  INDEX "index_overall_averages_on_rateable_type_and_rateable_id" ON "overall_averages" ("rateable_type", "rateable_id")[0m
  ↳ db/migrate/20180818152313_create_overall_averages.rb:4
  [1m[36mActiveRecord::SchemaMigration Create (0.8ms)[0m  [1m[32mINSERT INTO "schema_migrations" ("version") VALUES (?)[0m  [["version", "20180818152313"]]
  ↳ /home/daniele/.gem/ruby/2.5.0/gems/rake-12.3.1/lib/rake/task.rb:271
  [1m[35m (156.2ms)[0m  [1m[36mcommit transaction[0m
  ↳ /home/daniele/.gem/ruby/2.5.0/gems/rake-12.3.1/lib/rake/task.rb:271
Migrating to AddActivationToUsers (20180830211737)
  [1m[35m (0.3ms)[0m  [1m[36mbegin transaction[0m
  ↳ /home/daniele/.gem/ruby/2.5.0/gems/rake-12.3.1/lib/rake/task.rb:271
  [1m[35m (1.9ms)[0m  [1m[35mALTER TABLE "users" ADD "activation_digest" varchar[0m
  ↳ db/migrate/20180830211737_add_activation_to_users.rb:3
  [1m[35m (1.8ms)[0m  [1m[35mALTER TABLE "users" ADD "activated" boolean DEFAULT 0[0m
  ↳ db/migrate/20180830211737_add_activation_to_users.rb:4
  [1m[35m (1.2ms)[0m  [1m[35mALTER TABLE "users" ADD "activated_at" datetime[0m
  ↳ db/migrate/20180830211737_add_activation_to_users.rb:5
  [1m[36mActiveRecord::SchemaMigration Create (0.6ms)[0m  [1m[32mINSERT INTO "schema_migrations" ("version") VALUES (?)[0m  [["version", "20180830211737"]]
  ↳ /home/daniele/.gem/ruby/2.5.0/gems/rake-12.3.1/lib/rake/task.rb:271
  [1m[35m (104.1ms)[0m  [1m[36mcommit transaction[0m
  ↳ /home/daniele/.gem/ruby/2.5.0/gems/rake-12.3.1/lib/rake/task.rb:271
Migrating to CreateAuthorizations (20180831153335)
  [1m[35m (0.2ms)[0m  [1m[36mbegin transaction[0m
  ↳ /home/daniele/.gem/ruby/2.5.0/gems/rake-12.3.1/lib/rake/task.rb:271
  [1m[35m (1.0ms)[0m  [1m[35mCREATE TABLE "authorizations" ("id" integer PRIMARY KEY AUTOINCREMENT NOT NULL, "provider" varchar, "uid" varchar, "user_id" integer, "created_at" datetime NOT NULL, "updated_at" datetime NOT NULL)[0m
  ↳ db/migrate/20180831153335_create_authorizations.rb:3
  [1m[36mActiveRecord::SchemaMigration Create (0.6ms)[0m  [1m[32mINSERT INTO "schema_migrations" ("version") VALUES (?)[0m  [["version", "20180831153335"]]
  ↳ /home/daniele/.gem/ruby/2.5.0/gems/rake-12.3.1/lib/rake/task.rb:271
  [1m[35m (157.2ms)[0m  [1m[36mcommit transaction[0m
  ↳ /home/daniele/.gem/ruby/2.5.0/gems/rake-12.3.1/lib/rake/task.rb:271
Migrating to CreateUserOmniauths (20180901142000)
  [1m[35m (0.3ms)[0m  [1m[36mbegin transaction[0m
  ↳ /home/daniele/.gem/ruby/2.5.0/gems/rake-12.3.1/lib/rake/task.rb:271
  [1m[35m (1.5ms)[0m  [1m[35mCREATE TABLE "user_omniauths" ("id" integer PRIMARY KEY AUTOINCREMENT NOT NULL, "name" varchar, "email" varchar, "uid" varchar, "created_at" datetime NOT NULL, "updated_at" datetime NOT NULL)[0m
  ↳ db/migrate/20180901142000_create_user_omniauths.rb:3
  [1m[36mActiveRecord::SchemaMigration Create (0.8ms)[0m  [1m[32mINSERT INTO "schema_migrations" ("version") VALUES (?)[0m  [["version", "20180901142000"]]
  ↳ /home/daniele/.gem/ruby/2.5.0/gems/rake-12.3.1/lib/rake/task.rb:271
  [1m[35m (150.5ms)[0m  [1m[36mcommit transaction[0m
  ↳ /home/daniele/.gem/ruby/2.5.0/gems/rake-12.3.1/lib/rake/task.rb:271
Migrating to CreateMessages (20180917141303)
  [1m[35m (0.3ms)[0m  [1m[36mbegin transaction[0m
  ↳ /home/daniele/.gem/ruby/2.5.0/gems/rake-12.3.1/lib/rake/task.rb:271
  [1m[35m (1.7ms)[0m  [1m[35mCREATE TABLE "messages" ("id" integer PRIMARY KEY AUTOINCREMENT NOT NULL, "room_id" integer, "user_id" integer, "body" text, "pinned" boolean DEFAULT 0, CONSTRAINT "fk_rails_a8db0fb63a"
FOREIGN KEY ("room_id")
  REFERENCES "rooms" ("id")
, CONSTRAINT "fk_rails_273a25a7a6"
FOREIGN KEY ("user_id")
  REFERENCES "users" ("id")
)[0m
  ↳ db/migrate/20180917141303_create_messages.rb:3
  [1m[35m (0.5ms)[0m  [1m[35mCREATE  INDEX "index_messages_on_room_id" ON "messages" ("room_id")[0m
  ↳ db/migrate/20180917141303_create_messages.rb:3
  [1m[35m (0.5ms)[0m  [1m[35mCREATE  INDEX "index_messages_on_user_id" ON "messages" ("user_id")[0m
  ↳ db/migrate/20180917141303_create_messages.rb:3
  [1m[36mActiveRecord::SchemaMigration Create (0.5ms)[0m  [1m[32mINSERT INTO "schema_migrations" ("version") VALUES (?)[0m  [["version", "20180917141303"]]
  ↳ /home/daniele/.gem/ruby/2.5.0/gems/rake-12.3.1/lib/rake/task.rb:271
  [1m[35m (158.6ms)[0m  [1m[36mcommit transaction[0m
  ↳ /home/daniele/.gem/ruby/2.5.0/gems/rake-12.3.1/lib/rake/task.rb:271
Migrating to ActsAsVotableMigration (20180917144905)
  [1m[35m (0.4ms)[0m  [1m[36mbegin transaction[0m
  ↳ /home/daniele/.gem/ruby/2.5.0/gems/rake-12.3.1/lib/rake/task.rb:271
  [1m[35m (1.4ms)[0m  [1m[35mCREATE TABLE "votes" ("id" integer PRIMARY KEY AUTOINCREMENT NOT NULL, "votable_type" varchar, "votable_id" integer, "voter_type" varchar, "voter_id" integer, "vote_flag" boolean, "vote_scope" varchar, "vote_weight" integer, "created_at" datetime, "updated_at" datetime)[0m
  ↳ db/migrate/20180917144905_acts_as_votable_migration.rb:3
  [1m[35m (0.8ms)[0m  [1m[35mCREATE  INDEX "index_votes_on_voter_id_and_voter_type_and_vote_scope" ON "votes" ("voter_id", "voter_type", "vote_scope")[0m
  ↳ db/migrate/20180917144905_acts_as_votable_migration.rb:15
  [1m[35m (0.8ms)[0m  [1m[35mCREATE  INDEX "index_votes_on_votable_id_and_votable_type_and_vote_scope" ON "votes" ("votable_id", "votable_type", "vote_scope")[0m
  ↳ db/migrate/20180917144905_acts_as_votable_migration.rb:16
  [1m[36mActiveRecord::SchemaMigration Create (0.8ms)[0m  [1m[32mINSERT INTO "schema_migrations" ("version") VALUES (?)[0m  [["version", "20180917144905"]]
  ↳ /home/daniele/.gem/ruby/2.5.0/gems/rake-12.3.1/lib/rake/task.rb:271
  [1m[35m (153.8ms)[0m  [1m[36mcommit transaction[0m
  ↳ /home/daniele/.gem/ruby/2.5.0/gems/rake-12.3.1/lib/rake/task.rb:271
Migrating to AddCachedVotesToUser (20180917145413)
  [1m[35m (0.2ms)[0m  [1m[36mbegin transaction[0m
  ↳ /home/daniele/.gem/ruby/2.5.0/gems/rake-12.3.1/lib/rake/task.rb:271
  [1m[35m (1.7ms)[0m  [1m[35mALTER TABLE "users" ADD "cached_votes_total" integer DEFAULT 0[0m
  ↳ db/migrate/20180917145413_add_cached_votes_to_user.rb:4
  [1m[35m (1.0ms)[0m  [1m[35mALTER TABLE "users" ADD "cached_votes_score" integer DEFAULT 0[0m
  ↳ db/migrate/20180917145413_add_cached_votes_to_user.rb:5
  [1m[35m (0.9ms)[0m  [1m[35mALTER TABLE "users" ADD "cached_votes_up" integer DEFAULT 0[0m
  ↳ db/migrate/20180917145413_add_cached_votes_to_user.rb:6
  [1m[35m (1.1ms)[0m  [1m[35mALTER TABLE "users" ADD "cached_votes_down" integer DEFAULT 0[0m
  ↳ db/migrate/20180917145413_add_cached_votes_to_user.rb:7
  [1m[35m (1.3ms)[0m  [1m[35mALTER TABLE "users" ADD "cached_weighted_score" integer DEFAULT 0[0m
  ↳ db/migrate/20180917145413_add_cached_votes_to_user.rb:8
  [1m[35m (1.0ms)[0m  [1m[35mALTER TABLE "users" ADD "cached_weighted_total" integer DEFAULT 0[0m
  ↳ db/migrate/20180917145413_add_cached_votes_to_user.rb:9
  [1m[35m (1.1ms)[0m  [1m[35mALTER TABLE "users" ADD "cached_weighted_average" float DEFAULT 0.0[0m
  ↳ db/migrate/20180917145413_add_cached_votes_to_user.rb:10
  [1m[36mActiveRecord::SchemaMigration Create (0.5ms)[0m  [1m[32mINSERT INTO "schema_migrations" ("version") VALUES (?)[0m  [["version", "20180917145413"]]
  ↳ /home/daniele/.gem/ruby/2.5.0/gems/rake-12.3.1/lib/rake/task.rb:271
  [1m[35m (100.6ms)[0m  [1m[36mcommit transaction[0m
  ↳ /home/daniele/.gem/ruby/2.5.0/gems/rake-12.3.1/lib/rake/task.rb:271
  [1m[36mActiveRecord::InternalMetadata Load (0.4ms)[0m  [1m[34mSELECT  "ar_internal_metadata".* FROM "ar_internal_metadata" WHERE "ar_internal_metadata"."key" = ? LIMIT ?[0m  [["key", "environment"], ["LIMIT", 1]]
  ↳ /home/daniele/.gem/ruby/2.5.0/gems/rake-12.3.1/lib/rake/task.rb:271
  [1m[35m (0.2ms)[0m  [1m[36mbegin transaction[0m
  ↳ /home/daniele/.gem/ruby/2.5.0/gems/rake-12.3.1/lib/rake/task.rb:271
  [1m[36mActiveRecord::InternalMetadata Create (0.7ms)[0m  [1m[32mINSERT INTO "ar_internal_metadata" ("key", "value", "created_at", "updated_at") VALUES (?, ?, ?, ?)[0m  [["key", "environment"], ["value", "development"], ["created_at", "2018-09-18 09:18:34.185339"], ["updated_at", "2018-09-18 09:18:34.185339"]]
  ↳ /home/daniele/.gem/ruby/2.5.0/gems/rake-12.3.1/lib/rake/task.rb:271
  [1m[35m (103.3ms)[0m  [1m[36mcommit transaction[0m
  ↳ /home/daniele/.gem/ruby/2.5.0/gems/rake-12.3.1/lib/rake/task.rb:271
  [1m[35m (0.6ms)[0m  [1m[34mSELECT "schema_migrations"."version" FROM "schema_migrations" ORDER BY "schema_migrations"."version" ASC[0m
  ↳ /home/daniele/.gem/ruby/2.5.0/gems/rake-12.3.1/lib/rake/task.rb:271
Started GET "/" for 127.0.0.1 at 2018-09-18 11:18:42 +0200
  [1m[35m (0.3ms)[0m  [1m[34mSELECT "schema_migrations"."version" FROM "schema_migrations" ORDER BY "schema_migrations"."version" ASC[0m
  ↳ /home/daniele/.gem/ruby/2.5.0/gems/sprockets-rails-3.2.1/lib/sprockets/rails/quiet_assets.rb:13
Processing by MapboxController#show as HTML
  [1m[36mRoom Load (0.2ms)[0m  [1m[34mSELECT "rooms".* FROM "rooms"[0m
  ↳ app/controllers/mapbox_controller.rb:6
  Rendering mapbox/show.html.haml within layouts/application
  Rendered mapbox/show.html.haml within layouts/application (15.6ms)
Completed 500 Internal Server Error in 7505ms (ActiveRecord: 0.4ms)


  
ActionView::Template::Error (undefined method `rate_path' for #<Module:0x00007f629de8ab00>):
    13:     <link rel="stylesheet" href="https://cdn.jsdelivr.net/npm/flatpickr/dist/flatpickr.min.css">
    14:     %script{src: "https://api.mapbox.com/mapbox-gl-js/plugins/mapbox-gl-geocoder/v2.2.0/mapbox-gl-geocoder.min.js"}
    15:     %link{href: "https://api.mapbox.com/mapbox-gl-js/plugins/mapbox-gl-geocoder/v2.2.0/mapbox-gl-geocoder.css", rel: "stylesheet", type: "text/css"}/
    16:     = stylesheet_link_tag    'application', media: 'all', 'data-turbolinks-track': 'reload'
    17:     = javascript_include_tag 'application', 'data-turbolinks-track': 'reload'
    18:     = stylesheet_link_tag 'navbar'
    19: 
  
app/assets/javascripts/ratyrate.js.erb:43:in `_evaluate_template'
app/views/layouts/application.html.haml:16:in `_app_views_layouts_application_html_haml___3535302338704422235_47140324161440'
Started GET "/" for 127.0.0.1 at 2018-09-18 11:19:09 +0200
Processing by MapboxController#show as HTML
  [1m[36mRoom Load (0.2ms)[0m  [1m[34mSELECT "rooms".* FROM "rooms"[0m
  ↳ app/controllers/mapbox_controller.rb:6
  Rendering mapbox/show.html.haml within layouts/application
  Rendered mapbox/show.html.haml within layouts/application (5.8ms)
  Rendered layouts/_navbar.html.haml (2.7ms)
Completed 200 OK in 3119ms (Views: 3110.4ms | ActiveRecord: 0.6ms)


Started GET "/dashboard.json" for 127.0.0.1 at 2018-09-18 11:19:16 +0200
Processing by MapboxController#show as JSON
  [1m[36mRoom Load (0.2ms)[0m  [1m[34mSELECT "rooms".* FROM "rooms"[0m
  ↳ app/controllers/mapbox_controller.rb:6
Completed 200 OK in 2ms (Views: 0.1ms | ActiveRecord: 0.2ms)


Started GET "/dashboard.json" for 127.0.0.1 at 2018-09-18 11:19:16 +0200
Processing by MapboxController#show as JSON
  [1m[36mRoom Load (0.2ms)[0m  [1m[34mSELECT "rooms".* FROM "rooms"[0m
  ↳ app/controllers/mapbox_controller.rb:6
Completed 200 OK in 2ms (Views: 0.1ms | ActiveRecord: 0.2ms)


Started GET "/login" for 127.0.0.1 at 2018-09-18 11:19:27 +0200
Processing by SessionsController#new as HTML
  Rendering sessions/new.html.haml within layouts/application
  Rendered sessions/new.html.haml within layouts/application (44.5ms)
  Rendered layouts/_navbar.html.haml (7.1ms)
Completed 200 OK in 96ms (Views: 94.6ms | ActiveRecord: 0.0ms)


Started GET "/login" for 127.0.0.1 at 2018-09-18 11:36:41 +0200
  [1m[35m (0.2ms)[0m  [1m[34mSELECT "schema_migrations"."version" FROM "schema_migrations" ORDER BY "schema_migrations"."version" ASC[0m
  ↳ /home/daniele/.gem/ruby/2.5.0/gems/sprockets-rails-3.2.1/lib/sprockets/rails/quiet_assets.rb:13
Processing by SessionsController#new as HTML
  Rendering sessions/new.html.haml within layouts/application
  Rendered sessions/new.html.haml within layouts/application (33.9ms)
  Rendered layouts/_navbar.html.haml (2.9ms)
Completed 200 OK in 357ms (Views: 351.7ms | ActiveRecord: 0.0ms)


Started GET "/" for 127.0.0.1 at 2018-09-18 12:34:07 +0200
  [1m[35m (0.1ms)[0m  [1m[34mSELECT "schema_migrations"."version" FROM "schema_migrations" ORDER BY "schema_migrations"."version" ASC[0m
  ↳ /home/daniele/.gem/ruby/2.5.0/gems/sprockets-rails-3.2.1/lib/sprockets/rails/quiet_assets.rb:13
Processing by MapboxController#show as HTML
  [1m[36mRoom Load (0.2ms)[0m  [1m[34mSELECT "rooms".* FROM "rooms"[0m
  ↳ app/controllers/mapbox_controller.rb:6
  Rendering mapbox/show.html.haml within layouts/application
  Rendered mapbox/show.html.haml within layouts/application (29.5ms)
  Rendered layouts/_navbar.html.haml (7.8ms)
Completed 200 OK in 577ms (Views: 557.6ms | ActiveRecord: 0.4ms)


Started GET "/dashboard.json" for 127.0.0.1 at 2018-09-18 12:34:09 +0200
Processing by MapboxController#show as JSON
  [1m[36mRoom Load (0.3ms)[0m  [1m[34mSELECT "rooms".* FROM "rooms"[0m
  ↳ app/controllers/mapbox_controller.rb:6
Completed 200 OK in 3ms (Views: 1.1ms | ActiveRecord: 0.3ms)


Started GET "/dashboard.json" for 127.0.0.1 at 2018-09-18 12:34:10 +0200
Processing by MapboxController#show as JSON
  [1m[36mRoom Load (0.2ms)[0m  [1m[34mSELECT "rooms".* FROM "rooms"[0m
  ↳ app/controllers/mapbox_controller.rb:6
Completed 200 OK in 2ms (Views: 0.3ms | ActiveRecord: 0.2ms)


